<?xml version="1.0" encoding="UTF-8"?>
<!-- Generated by org.testng.reporters.JUnitReportReporter -->
<testsuite hostname="LAPTOP-AGEE0J4V" name="Academy.HomePage" tests="2" failures="0" timestamp="27 Dec 2019 17:41:53 GMT" time="39.965" errors="0">
  <testcase name="basePageNavigation" time="11.957" classname="Academy.HomePage"/>
  <testcase name="basePageNavigation" time="28.008" classname="Academy.HomePage"/>
</testsuite> <!-- Academy.HomePage -->
