<?xml version="1.0" encoding="UTF-8"?>
<!-- Generated by org.testng.reporters.JUnitReportReporter -->
<testsuite hostname="LAPTOP-AGEE0J4V" name="Academy.validateNavigationBar" tests="1" failures="0" timestamp="27 Dec 2019 17:41:53 GMT" time="0.093" errors="0">
  <testcase name="validateAppNavBar" time="0.093" classname="Academy.validateNavigationBar"/>
</testsuite> <!-- Academy.validateNavigationBar -->
